Start testing: Mar 17 23:10 CET
----------------------------------------------------------
1/2 Testing: EnvironmentTest
1/2 Test: EnvironmentTest
Command: "/home/peter/Desktop/school/OPK/zadanie1/build/test_environment"
Directory: /home/peter/Desktop/school/OPK/zadanie1/build
"EnvironmentTest" start time: Mar 17 23:10 CET
Output:
----------------------------------------------------------
[ WARN:0@0.032] global ./modules/imgcodecs/src/loadsave.cpp (239) findDecoder imread_('../maps/does_not_exist.png'): can't open/read file: check file path/integrity
All Environment tests passed.
<end of output>
Test time =   0.16 sec
----------------------------------------------------------
Test Passed.
"EnvironmentTest" end time: Mar 17 23:10 CET
"EnvironmentTest" time elapsed: 00:00:00
----------------------------------------------------------

2/2 Testing: LidarTest
2/2 Test: LidarTest
Command: "/home/peter/Desktop/school/OPK/zadanie1/build/test_lidar"
Directory: /home/peter/Desktop/school/OPK/zadanie1/build
"LidarTest" start time: Mar 17 23:10 CET
Output:
----------------------------------------------------------
All Lidar tests passed.
<end of output>
Test time =   0.11 sec
----------------------------------------------------------
Test Passed.
"LidarTest" end time: Mar 17 23:10 CET
"LidarTest" time elapsed: 00:00:00
----------------------------------------------------------

End testing: Mar 17 23:10 CET
